Error: Cannot find module 'nodemailer'
    at Function.Module._resolveFilename (module.js:476:15)
    at Function.Module._load (module.js:424:25)
    at require (internal/module.js:20:19)
    at Object.<anonymous> (/WEB/demo.aipxperts.com/node/horecafy-api/horecafy/api/utils.js:4:20)
    at Module._compile (module.js:577:32)
    at Object.Module._extensions..js (module.js:586:10)
    at Module.load (module.js:494:32)
    at tryModuleLoad (module.js:453:12)
    at Function.Module._load (module.js:445:3)
    at require (internal/module.js:20:19)
Error: Cannot find module 'nodemailer'
    at Function.Module._resolveFilename (module.js:476:15)
    at Function.Module._load (module.js:424:25)
    at require (internal/module.js:20:19)
    at Object.<anonymous> (/WEB/demo.aipxperts.com/node/horecafy-api/horecafy/api/utils.js:4:20)
    at Module._compile (module.js:577:32)
    at Object.Module._extensions..js (module.js:586:10)
    at Module.load (module.js:494:32)
    at tryModuleLoad (module.js:453:12)
    at Function.Module._load (module.js:445:3)
    at require (internal/module.js:20:19)
Error: Cannot find module 'nodemailer'
    at Function.Module._resolveFilename (module.js:476:15)
    at Function.Module._load (module.js:424:25)
    at require (internal/module.js:20:19)
    at Object.<anonymous> (/WEB/demo.aipxperts.com/node/horecafy-api/horecafy/api/utils.js:4:20)
    at Module._compile (module.js:577:32)
    at Object.Module._extensions..js (module.js:586:10)
    at Module.load (module.js:494:32)
    at tryModuleLoad (module.js:453:12)
    at Function.Module._load (module.js:445:3)
    at require (internal/module.js:20:19)
Error: Cannot find module 'nodemailer'
    at Function.Module._resolveFilename (module.js:476:15)
    at Function.Module._load (module.js:424:25)
    at require (internal/module.js:20:19)
    at Object.<anonymous> (/WEB/demo.aipxperts.com/node/horecafy-api/horecafy/api/utils.js:4:20)
    at Module._compile (module.js:577:32)
    at Object.Module._extensions..js (module.js:586:10)
    at Module.load (module.js:494:32)
    at tryModuleLoad (module.js:453:12)
    at Function.Module._load (module.js:445:3)
    at require (internal/module.js:20:19)
Error: Cannot find module 'nodemailer'
    at Function.Module._resolveFilename (module.js:476:15)
    at Function.Module._load (module.js:424:25)
    at require (internal/module.js:20:19)
    at Object.<anonymous> (/WEB/demo.aipxperts.com/node/horecafy-api/horecafy/api/utils.js:4:20)
    at Module._compile (module.js:577:32)
    at Object.Module._extensions..js (module.js:586:10)
    at Module.load (module.js:494:32)
    at tryModuleLoad (module.js:453:12)
    at Function.Module._load (module.js:445:3)
    at require (internal/module.js:20:19)
Error: Cannot find module 'nodemailer'
    at Function.Module._resolveFilename (module.js:476:15)
    at Function.Module._load (module.js:424:25)
    at require (internal/module.js:20:19)
    at Object.<anonymous> (/WEB/demo.aipxperts.com/node/horecafy-api/horecafy/api/utils.js:4:20)
    at Module._compile (module.js:577:32)
    at Object.Module._extensions..js (module.js:586:10)
    at Module.load (module.js:494:32)
    at tryModuleLoad (module.js:453:12)
    at Function.Module._load (module.js:445:3)
    at require (internal/module.js:20:19)
Error: Cannot find module 'nodemailer'
    at Function.Module._resolveFilename (module.js:476:15)
    at Function.Module._load (module.js:424:25)
    at require (internal/module.js:20:19)
    at Object.<anonymous> (/WEB/demo.aipxperts.com/node/horecafy-api/horecafy/api/utils.js:4:20)
    at Module._compile (module.js:577:32)
    at Object.Module._extensions..js (module.js:586:10)
    at Module.load (module.js:494:32)
    at tryModuleLoad (module.js:453:12)
    at Function.Module._load (module.js:445:3)
    at require (internal/module.js:20:19)
Error: Cannot find module 'nodemailer'
    at Function.Module._resolveFilename (module.js:476:15)
    at Function.Module._load (module.js:424:25)
    at require (internal/module.js:20:19)
    at Object.<anonymous> (/WEB/demo.aipxperts.com/node/horecafy-api/horecafy/api/utils.js:4:20)
    at Module._compile (module.js:577:32)
    at Object.Module._extensions..js (module.js:586:10)
    at Module.load (module.js:494:32)
    at tryModuleLoad (module.js:453:12)
    at Function.Module._load (module.js:445:3)
    at require (internal/module.js:20:19)
Error: Cannot find module 'nodemailer'
    at Function.Module._resolveFilename (module.js:476:15)
    at Function.Module._load (module.js:424:25)
    at require (internal/module.js:20:19)
    at Object.<anonymous> (/WEB/demo.aipxperts.com/node/horecafy-api/horecafy/api/utils.js:4:20)
    at Module._compile (module.js:577:32)
    at Object.Module._extensions..js (module.js:586:10)
    at Module.load (module.js:494:32)
    at tryModuleLoad (module.js:453:12)
    at Function.Module._load (module.js:445:3)
    at require (internal/module.js:20:19)
Error: Cannot find module 'nodemailer'
    at Function.Module._resolveFilename (module.js:476:15)
    at Function.Module._load (module.js:424:25)
    at require (internal/module.js:20:19)
    at Object.<anonymous> (/WEB/demo.aipxperts.com/node/horecafy-api/horecafy/api/utils.js:4:20)
    at Module._compile (module.js:577:32)
    at Object.Module._extensions..js (module.js:586:10)
    at Module.load (module.js:494:32)
    at tryModuleLoad (module.js:453:12)
    at Function.Module._load (module.js:445:3)
    at require (internal/module.js:20:19)
Error: Cannot find module 'nodemailer'
    at Function.Module._resolveFilename (module.js:476:15)
    at Function.Module._load (module.js:424:25)
    at require (internal/module.js:20:19)
    at Object.<anonymous> (/WEB/demo.aipxperts.com/node/horecafy-api/horecafy/api/utils.js:4:20)
    at Module._compile (module.js:577:32)
    at Object.Module._extensions..js (module.js:586:10)
    at Module.load (module.js:494:32)
    at tryModuleLoad (module.js:453:12)
    at Function.Module._load (module.js:445:3)
    at require (internal/module.js:20:19)
Error: Cannot find module 'nodemailer'
    at Function.Module._resolveFilename (module.js:476:15)
    at Function.Module._load (module.js:424:25)
    at require (internal/module.js:20:19)
    at Object.<anonymous> (/WEB/demo.aipxperts.com/node/horecafy-api/horecafy/api/utils.js:4:20)
    at Module._compile (module.js:577:32)
    at Object.Module._extensions..js (module.js:586:10)
    at Module.load (module.js:494:32)
    at tryModuleLoad (module.js:453:12)
    at Function.Module._load (module.js:445:3)
    at require (internal/module.js:20:19)
Error: Cannot find module 'nodemailer'
    at Function.Module._resolveFilename (module.js:476:15)
    at Function.Module._load (module.js:424:25)
    at require (internal/module.js:20:19)
    at Object.<anonymous> (/WEB/demo.aipxperts.com/node/horecafy-api/horecafy/api/utils.js:4:20)
    at Module._compile (module.js:577:32)
    at Object.Module._extensions..js (module.js:586:10)
    at Module.load (module.js:494:32)
    at tryModuleLoad (module.js:453:12)
    at Function.Module._load (module.js:445:3)
    at require (internal/module.js:20:19)
Error: Cannot find module 'nodemailer'
    at Function.Module._resolveFilename (module.js:476:15)
    at Function.Module._load (module.js:424:25)
    at require (internal/module.js:20:19)
    at Object.<anonymous> (/WEB/demo.aipxperts.com/node/horecafy-api/horecafy/api/utils.js:4:20)
    at Module._compile (module.js:577:32)
    at Object.Module._extensions..js (module.js:586:10)
    at Module.load (module.js:494:32)
    at tryModuleLoad (module.js:453:12)
    at Function.Module._load (module.js:445:3)
    at require (internal/module.js:20:19)
Error: Cannot find module 'nodemailer'
    at Function.Module._resolveFilename (module.js:476:15)
    at Function.Module._load (module.js:424:25)
    at require (internal/module.js:20:19)
    at Object.<anonymous> (/WEB/demo.aipxperts.com/node/horecafy-api/horecafy/api/utils.js:4:20)
    at Module._compile (module.js:577:32)
    at Object.Module._extensions..js (module.js:586:10)
    at Module.load (module.js:494:32)
    at tryModuleLoad (module.js:453:12)
    at Function.Module._load (module.js:445:3)
    at require (internal/module.js:20:19)
Error: Cannot find module 'nodemailer'
    at Function.Module._resolveFilename (module.js:476:15)
    at Function.Module._load (module.js:424:25)
    at require (internal/module.js:20:19)
    at Object.<anonymous> (/WEB/demo.aipxperts.com/node/horecafy-api/horecafy/api/utils.js:4:20)
    at Module._compile (module.js:577:32)
    at Object.Module._extensions..js (module.js:586:10)
    at Module.load (module.js:494:32)
    at tryModuleLoad (module.js:453:12)
    at Function.Module._load (module.js:445:3)
    at require (internal/module.js:20:19)
